<?xml version="1.0" encoding="UTF-8"?>
<testng-results skipped="0" failed="5" ignored="8" total="14" passed="1">
  <reporter-output>
  </reporter-output>
  <suite name="Surefire suite" duration-ms="29256" started-at="2020-04-04T15:56:14Z" finished-at="2020-04-04T15:56:44Z">
    <groups>
      <group name="cucumber">
        <method signature="AbstractTestNGCucumberTests.runScenario(io.cucumber.testng.PickleWrapper, io.cucumber.testng.FeatureWrapper)[pri:0, instance:runner.TestRunner@256aa5f2]" name="runScenario" class="io.cucumber.testng.AbstractTestNGCucumberTests"/>
        <method signature="AbstractTestNGCucumberTests.runScenario(io.cucumber.testng.PickleWrapper, io.cucumber.testng.FeatureWrapper)[pri:0, instance:tests.ContactUsTestCase@6411d3c8]" name="runScenario" class="io.cucumber.testng.AbstractTestNGCucumberTests"/>
        <method signature="AbstractTestNGCucumberTests.runScenario(io.cucumber.testng.PickleWrapper, io.cucumber.testng.FeatureWrapper)[pri:0, instance:tests.TestBase@2116b68b]" name="runScenario" class="io.cucumber.testng.AbstractTestNGCucumberTests"/>
        <method signature="AbstractTestNGCucumberTests.runScenario(io.cucumber.testng.PickleWrapper, io.cucumber.testng.FeatureWrapper)[pri:0, instance:tests.UserLoginTestCase@11de56e6]" name="runScenario" class="io.cucumber.testng.AbstractTestNGCucumberTests"/>
        <method signature="AbstractTestNGCucumberTests.runScenario(io.cucumber.testng.PickleWrapper, io.cucumber.testng.FeatureWrapper)[pri:0, instance:tests.UserRegisterationTestCase@616b241a]" name="runScenario" class="io.cucumber.testng.AbstractTestNGCucumberTests"/>
      </group> <!-- cucumber -->
    </groups>
    <test name="Surefire test" duration-ms="29256" started-at="2020-04-04T15:56:14Z" finished-at="2020-04-04T15:56:44Z">
      <class name="tests.TestBase">
        <test-method status="PASS" signature="setUpClass()[pri:0, instance:tests.TestBase@2116b68b]" name="setUpClass" is-config="true" duration-ms="3" started-at="2020-04-04T15:56:21Z" finished-at="2020-04-04T15:56:21Z">
          <reporter-output>
          </reporter-output>
        </test-method> <!-- setUpClass -->
        <test-method status="PASS" signature="WaitAfterClass()[pri:0, instance:tests.TestBase@2116b68b]" name="WaitAfterClass" is-config="true" duration-ms="3001" started-at="2020-04-04T15:56:21Z" finished-at="2020-04-04T15:56:24Z">
          <reporter-output>
          </reporter-output>
        </test-method> <!-- WaitAfterClass -->
        <test-method status="PASS" signature="tearDownClass()[pri:0, instance:tests.TestBase@2116b68b]" name="tearDownClass" is-config="true" duration-ms="0" started-at="2020-04-04T15:56:24Z" finished-at="2020-04-04T15:56:24Z">
          <reporter-output>
          </reporter-output>
        </test-method> <!-- tearDownClass -->
      </class> <!-- tests.TestBase -->
      <class name="tests.UserRegisterationTestCase">
        <test-method status="PASS" signature="setUpClass()[pri:0, instance:tests.UserRegisterationTestCase@616b241a]" name="setUpClass" is-config="true" duration-ms="4" started-at="2020-04-04T15:56:33Z" finished-at="2020-04-04T15:56:33Z">
          <reporter-output>
          </reporter-output>
        </test-method> <!-- setUpClass -->
        <test-method status="FAIL" signature="UserCanRegisterSuccessfully()[pri:0, instance:tests.UserRegisterationTestCase@616b241a]" name="UserCanRegisterSuccessfully" duration-ms="7806" started-at="2020-04-04T15:56:33Z" finished-at="2020-04-04T15:56:41Z">
          <exception class="org.openqa.selenium.NoSuchElementException">
            <message>
              <![CDATA[Unable to locate element: .result
For documentation on this error, please visit: https://www.seleniumhq.org/exceptions/no_such_element.html
Build info: version: '3.141.59', revision: 'e82be7d358', time: '2018-11-14T08:17:03'
System info: host: 'LAPTOP-H8IENLFH', ip: '192.168.1.4', os.name: 'Windows 10', os.arch: 'amd64', os.version: '10.0', java.version: '1.8.0_241'
Driver info: org.openqa.selenium.firefox.FirefoxDriver
Capabilities {acceptInsecureCerts: true, browserName: firefox, browserVersion: 74.0.1, javascriptEnabled: true, moz:accessibilityChecks: false, moz:buildID: 20200403064753, moz:geckodriverVersion: 0.26.0, moz:headless: false, moz:processID: 34720, moz:profile: C:\Users\maria\AppData\Loca..., moz:shutdownTimeout: 60000, moz:useNonSpecCompliantPointerOrigin: false, moz:webdriverClick: true, pageLoadStrategy: normal, platform: WINDOWS, platformName: WINDOWS, platformVersion: 10.0, rotatable: false, setWindowRect: true, strictFileInteractability: false, timeouts: {implicit: 0, pageLoad: 300000, script: 30000}, unhandledPromptBehavior: dismiss and notify}
Session ID: 6b6405d3-b1d8-4601-8c23-18c2c6a75a5d
*** Element info: {Using=class name, value=result}]]>
            </message>
            <full-stacktrace>
              <![CDATA[org.openqa.selenium.NoSuchElementException: Unable to locate element: .result
For documentation on this error, please visit: https://www.seleniumhq.org/exceptions/no_such_element.html
Build info: version: '3.141.59', revision: 'e82be7d358', time: '2018-11-14T08:17:03'
System info: host: 'LAPTOP-H8IENLFH', ip: '192.168.1.4', os.name: 'Windows 10', os.arch: 'amd64', os.version: '10.0', java.version: '1.8.0_241'
Driver info: org.openqa.selenium.firefox.FirefoxDriver
Capabilities {acceptInsecureCerts: true, browserName: firefox, browserVersion: 74.0.1, javascriptEnabled: true, moz:accessibilityChecks: false, moz:buildID: 20200403064753, moz:geckodriverVersion: 0.26.0, moz:headless: false, moz:processID: 34720, moz:profile: C:\Users\maria\AppData\Loca..., moz:shutdownTimeout: 60000, moz:useNonSpecCompliantPointerOrigin: false, moz:webdriverClick: true, pageLoadStrategy: normal, platform: WINDOWS, platformName: WINDOWS, platformVersion: 10.0, rotatable: false, setWindowRect: true, strictFileInteractability: false, timeouts: {implicit: 0, pageLoad: 300000, script: 30000}, unhandledPromptBehavior: dismiss and notify}
Session ID: 6b6405d3-b1d8-4601-8c23-18c2c6a75a5d
*** Element info: {Using=class name, value=result}
at sun.reflect.NativeConstructorAccessorImpl.newInstance0(Native Method)
at sun.reflect.NativeConstructorAccessorImpl.newInstance(NativeConstructorAccessorImpl.java:62)
at sun.reflect.DelegatingConstructorAccessorImpl.newInstance(DelegatingConstructorAccessorImpl.java:45)
at java.lang.reflect.Constructor.newInstance(Constructor.java:423)
at org.openqa.selenium.remote.http.W3CHttpResponseCodec.createException(W3CHttpResponseCodec.java:187)
at org.openqa.selenium.remote.http.W3CHttpResponseCodec.decode(W3CHttpResponseCodec.java:122)
at org.openqa.selenium.remote.http.W3CHttpResponseCodec.decode(W3CHttpResponseCodec.java:49)
at org.openqa.selenium.remote.HttpCommandExecutor.execute(HttpCommandExecutor.java:158)
at org.openqa.selenium.remote.service.DriverCommandExecutor.execute(DriverCommandExecutor.java:83)
at org.openqa.selenium.remote.RemoteWebDriver.execute(RemoteWebDriver.java:552)
at org.openqa.selenium.remote.RemoteWebDriver.findElement(RemoteWebDriver.java:323)
at org.openqa.selenium.remote.RemoteWebDriver.findElementByClassName(RemoteWebDriver.java:412)
at org.openqa.selenium.By$ByClassName.findElement(By.java:389)
at org.openqa.selenium.remote.RemoteWebDriver.findElement(RemoteWebDriver.java:315)
at org.openqa.selenium.support.pagefactory.DefaultElementLocator.findElement(DefaultElementLocator.java:69)
at org.openqa.selenium.support.pagefactory.internal.LocatingElementHandler.invoke(LocatingElementHandler.java:38)
at com.sun.proxy.$Proxy20.getText(Unknown Source)
at tests.UserRegisterationTestCase.UserCanRegisterSuccessfully(UserRegisterationTestCase.java:23)
at sun.reflect.NativeMethodAccessorImpl.invoke0(Native Method)
at sun.reflect.NativeMethodAccessorImpl.invoke(NativeMethodAccessorImpl.java:62)
at sun.reflect.DelegatingMethodAccessorImpl.invoke(DelegatingMethodAccessorImpl.java:43)
at java.lang.reflect.Method.invoke(Method.java:498)
at org.testng.internal.MethodInvocationHelper.invokeMethod(MethodInvocationHelper.java:124)
at org.testng.internal.Invoker.invokeMethod(Invoker.java:583)
at org.testng.internal.Invoker.invokeTestMethod(Invoker.java:719)
at org.testng.internal.Invoker.invokeTestMethods(Invoker.java:989)
at org.testng.internal.TestMethodWorker.invokeTestMethods(TestMethodWorker.java:125)
at org.testng.internal.TestMethodWorker.run(TestMethodWorker.java:109)
at org.testng.TestRunner.privateRun(TestRunner.java:648)
at org.testng.TestRunner.run(TestRunner.java:505)
at org.testng.SuiteRunner.runTest(SuiteRunner.java:455)
at org.testng.SuiteRunner.runSequentially(SuiteRunner.java:450)
at org.testng.SuiteRunner.privateRun(SuiteRunner.java:415)
at org.testng.SuiteRunner.run(SuiteRunner.java:364)
at org.testng.SuiteRunnerWorker.runSuite(SuiteRunnerWorker.java:52)
at org.testng.SuiteRunnerWorker.run(SuiteRunnerWorker.java:84)
at org.testng.TestNG.runSuitesSequentially(TestNG.java:1208)
at org.testng.TestNG.runSuitesLocally(TestNG.java:1137)
at org.testng.TestNG.runSuites(TestNG.java:1049)
at org.testng.TestNG.run(TestNG.java:1017)
at org.apache.maven.surefire.testng.TestNGExecutor.run(TestNGExecutor.java:135)
at org.apache.maven.surefire.testng.TestNGDirectoryTestSuite.executeMulti(TestNGDirectoryTestSuite.java:193)
at org.apache.maven.surefire.testng.TestNGDirectoryTestSuite.execute(TestNGDirectoryTestSuite.java:94)
at org.apache.maven.surefire.testng.TestNGProvider.invoke(TestNGProvider.java:146)
at org.apache.maven.surefire.booter.ForkedBooter.invokeProviderInSameClassLoader(ForkedBooter.java:383)
at org.apache.maven.surefire.booter.ForkedBooter.runSuitesInProcess(ForkedBooter.java:344)
at org.apache.maven.surefire.booter.ForkedBooter.execute(ForkedBooter.java:125)
at org.apache.maven.surefire.booter.ForkedBooter.main(ForkedBooter.java:417)
]]>
            </full-stacktrace>
          </exception> <!-- org.openqa.selenium.NoSuchElementException -->
          <reporter-output>
          </reporter-output>
        </test-method> <!-- UserCanRegisterSuccessfully -->
        <test-method status="PASS" signature="WaitAfterClass()[pri:0, instance:tests.UserRegisterationTestCase@616b241a]" name="WaitAfterClass" is-config="true" duration-ms="3000" started-at="2020-04-04T15:56:41Z" finished-at="2020-04-04T15:56:44Z">
          <reporter-output>
          </reporter-output>
        </test-method> <!-- WaitAfterClass -->
        <test-method status="PASS" signature="tearDownClass()[pri:0, instance:tests.UserRegisterationTestCase@616b241a]" name="tearDownClass" is-config="true" duration-ms="1" started-at="2020-04-04T15:56:44Z" finished-at="2020-04-04T15:56:44Z">
          <reporter-output>
          </reporter-output>
        </test-method> <!-- tearDownClass -->
      </class> <!-- tests.UserRegisterationTestCase -->
      <class name="tests.ContactUsTestCase">
        <test-method status="PASS" signature="setUpClass()[pri:0, instance:tests.ContactUsTestCase@6411d3c8]" name="setUpClass" is-config="true" duration-ms="5" started-at="2020-04-04T15:56:18Z" finished-at="2020-04-04T15:56:18Z">
          <reporter-output>
          </reporter-output>
        </test-method> <!-- setUpClass -->
        <test-method status="FAIL" signature="UserCanContactUs()[pri:0, instance:tests.ContactUsTestCase@6411d3c8]" name="UserCanContactUs" duration-ms="19" started-at="2020-04-04T15:56:18Z" finished-at="2020-04-04T15:56:18Z">
          <exception class="java.lang.NullPointerException">
            <full-stacktrace>
              <![CDATA[java.lang.NullPointerException
at Pages.Pagebase.Scroll(Pagebase.java:42)
at Pages.HomePage.OpenContactpage(HomePage.java:39)
at tests.ContactUsTestCase.UserCanContactUs(ContactUsTestCase.java:24)
at sun.reflect.NativeMethodAccessorImpl.invoke0(Native Method)
at sun.reflect.NativeMethodAccessorImpl.invoke(NativeMethodAccessorImpl.java:62)
at sun.reflect.DelegatingMethodAccessorImpl.invoke(DelegatingMethodAccessorImpl.java:43)
at java.lang.reflect.Method.invoke(Method.java:498)
at org.testng.internal.MethodInvocationHelper.invokeMethod(MethodInvocationHelper.java:124)
at org.testng.internal.Invoker.invokeMethod(Invoker.java:583)
at org.testng.internal.Invoker.invokeTestMethod(Invoker.java:719)
at org.testng.internal.Invoker.invokeTestMethods(Invoker.java:989)
at org.testng.internal.TestMethodWorker.invokeTestMethods(TestMethodWorker.java:125)
at org.testng.internal.TestMethodWorker.run(TestMethodWorker.java:109)
at org.testng.TestRunner.privateRun(TestRunner.java:648)
at org.testng.TestRunner.run(TestRunner.java:505)
at org.testng.SuiteRunner.runTest(SuiteRunner.java:455)
at org.testng.SuiteRunner.runSequentially(SuiteRunner.java:450)
at org.testng.SuiteRunner.privateRun(SuiteRunner.java:415)
at org.testng.SuiteRunner.run(SuiteRunner.java:364)
at org.testng.SuiteRunnerWorker.runSuite(SuiteRunnerWorker.java:52)
at org.testng.SuiteRunnerWorker.run(SuiteRunnerWorker.java:84)
at org.testng.TestNG.runSuitesSequentially(TestNG.java:1208)
at org.testng.TestNG.runSuitesLocally(TestNG.java:1137)
at org.testng.TestNG.runSuites(TestNG.java:1049)
at org.testng.TestNG.run(TestNG.java:1017)
at org.apache.maven.surefire.testng.TestNGExecutor.run(TestNGExecutor.java:135)
at org.apache.maven.surefire.testng.TestNGDirectoryTestSuite.executeMulti(TestNGDirectoryTestSuite.java:193)
at org.apache.maven.surefire.testng.TestNGDirectoryTestSuite.execute(TestNGDirectoryTestSuite.java:94)
at org.apache.maven.surefire.testng.TestNGProvider.invoke(TestNGProvider.java:146)
at org.apache.maven.surefire.booter.ForkedBooter.invokeProviderInSameClassLoader(ForkedBooter.java:383)
at org.apache.maven.surefire.booter.ForkedBooter.runSuitesInProcess(ForkedBooter.java:344)
at org.apache.maven.surefire.booter.ForkedBooter.execute(ForkedBooter.java:125)
at org.apache.maven.surefire.booter.ForkedBooter.main(ForkedBooter.java:417)
]]>
            </full-stacktrace>
          </exception> <!-- java.lang.NullPointerException -->
          <reporter-output>
          </reporter-output>
        </test-method> <!-- UserCanContactUs -->
        <test-method status="PASS" signature="WaitAfterClass()[pri:0, instance:tests.ContactUsTestCase@6411d3c8]" name="WaitAfterClass" is-config="true" duration-ms="3000" started-at="2020-04-04T15:56:18Z" finished-at="2020-04-04T15:56:21Z">
          <reporter-output>
          </reporter-output>
        </test-method> <!-- WaitAfterClass -->
        <test-method status="PASS" signature="tearDownClass()[pri:0, instance:tests.ContactUsTestCase@6411d3c8]" name="tearDownClass" is-config="true" duration-ms="0" started-at="2020-04-04T15:56:21Z" finished-at="2020-04-04T15:56:21Z">
          <reporter-output>
          </reporter-output>
        </test-method> <!-- tearDownClass -->
      </class> <!-- tests.ContactUsTestCase -->
      <class name="tests.UserLoginTestCase">
        <test-method status="PASS" signature="setUpClass()[pri:0, instance:tests.UserLoginTestCase@11de56e6]" name="setUpClass" is-config="true" duration-ms="4" started-at="2020-04-04T15:56:24Z" finished-at="2020-04-04T15:56:24Z">
          <reporter-output>
          </reporter-output>
        </test-method> <!-- setUpClass -->
        <test-method status="PASS" signature="UserCanloginSuccessfully()[pri:0, instance:tests.UserLoginTestCase@11de56e6]" name="UserCanloginSuccessfully" duration-ms="6024" started-at="2020-04-04T15:56:24Z" finished-at="2020-04-04T15:56:30Z">
          <reporter-output>
          </reporter-output>
        </test-method> <!-- UserCanloginSuccessfully -->
        <test-method status="PASS" signature="WaitAfterClass()[pri:0, instance:tests.UserLoginTestCase@11de56e6]" name="WaitAfterClass" is-config="true" duration-ms="3001" started-at="2020-04-04T15:56:30Z" finished-at="2020-04-04T15:56:33Z">
          <reporter-output>
          </reporter-output>
        </test-method> <!-- WaitAfterClass -->
        <test-method status="PASS" signature="tearDownClass()[pri:0, instance:tests.UserLoginTestCase@11de56e6]" name="tearDownClass" is-config="true" duration-ms="0" started-at="2020-04-04T15:56:33Z" finished-at="2020-04-04T15:56:33Z">
          <reporter-output>
          </reporter-output>
        </test-method> <!-- tearDownClass -->
      </class> <!-- tests.UserLoginTestCase -->
      <class name="runner.TestRunner">
        <test-method status="PASS" signature="StartDriver(java.lang.String)[pri:0, instance:runner.TestRunner@256aa5f2]" name="StartDriver" is-config="true" duration-ms="9152" started-at="2020-04-04T15:56:05Z" finished-at="2020-04-04T15:56:14Z">
          <params>
            <param index="0">
              <value>
                <![CDATA[firefox]]>
              </value>
            </param>
          </params>
          <reporter-output>
          </reporter-output>
        </test-method> <!-- StartDriver -->
        <test-method status="PASS" signature="setUpClass()[pri:0, instance:runner.TestRunner@256aa5f2]" name="setUpClass" is-config="true" duration-ms="217" started-at="2020-04-04T15:56:14Z" finished-at="2020-04-04T15:56:15Z">
          <reporter-output>
          </reporter-output>
        </test-method> <!-- setUpClass -->
        <test-method status="FAIL" signature="runScenario(io.cucumber.testng.PickleWrapper, io.cucumber.testng.FeatureWrapper)[pri:0, instance:runner.TestRunner@256aa5f2]" name="runScenario" duration-ms="129" started-at="2020-04-04T15:56:15Z" description="Runs Cucumber Scenarios" data-provider="scenarios" finished-at="2020-04-04T15:56:15Z">
          <params>
            <param index="0">
              <value>
                <![CDATA["User Login successfully"]]>
              </value>
            </param>
            <param index="1">
              <value>
                <![CDATA["User Login"]]>
              </value>
            </param>
          </params>
          <exception class="io.cucumber.core.runner.DuplicateStepDefinitionException">
            <message>
              <![CDATA[Duplicate step definitions in steps.UserLogin.the_user_in_home_page() and steps.UserRegisterion.the_user_in_home_page()]]>
            </message>
            <full-stacktrace>
              <![CDATA[io.cucumber.core.runner.DuplicateStepDefinitionException: Duplicate step definitions in steps.UserLogin.the_user_in_home_page() and steps.UserRegisterion.the_user_in_home_page()
at io.cucumber.core.runner.CachingGlue.lambda$prepareGlue$4(CachingGlue.java:218)
at java.util.ArrayList.forEach(ArrayList.java:1257)
at io.cucumber.core.runner.CachingGlue.prepareGlue(CachingGlue.java:214)
at io.cucumber.core.runner.Runner.runPickle(Runner.java:64)
at io.cucumber.testng.TestNGCucumberRunner.runScenario(TestNGCucumberRunner.java:124)
at io.cucumber.testng.AbstractTestNGCucumberTests.runScenario(AbstractTestNGCucumberTests.java:29)
at sun.reflect.NativeMethodAccessorImpl.invoke0(Native Method)
at sun.reflect.NativeMethodAccessorImpl.invoke(NativeMethodAccessorImpl.java:62)
at sun.reflect.DelegatingMethodAccessorImpl.invoke(DelegatingMethodAccessorImpl.java:43)
at java.lang.reflect.Method.invoke(Method.java:498)
at org.testng.internal.MethodInvocationHelper.invokeMethod(MethodInvocationHelper.java:124)
at org.testng.internal.Invoker.invokeMethod(Invoker.java:583)
at org.testng.internal.Invoker.invokeTestMethod(Invoker.java:719)
at org.testng.internal.TestMethodWithDataProviderMethodWorker.call(TestMethodWithDataProviderMethodWorker.java:71)
at org.testng.internal.TestMethodWithDataProviderMethodWorker.call(TestMethodWithDataProviderMethodWorker.java:14)
at java.util.concurrent.FutureTask.run(FutureTask.java:266)
at java.util.concurrent.Executors$RunnableAdapter.call(Executors.java:511)
at java.util.concurrent.FutureTask.run(FutureTask.java:266)
at java.util.concurrent.ThreadPoolExecutor.runWorker(ThreadPoolExecutor.java:1149)
at java.util.concurrent.ThreadPoolExecutor$Worker.run(ThreadPoolExecutor.java:624)
at java.lang.Thread.run(Thread.java:748)
]]>
            </full-stacktrace>
          </exception> <!-- io.cucumber.core.runner.DuplicateStepDefinitionException -->
          <reporter-output>
          </reporter-output>
        </test-method> <!-- runScenario -->
        <test-method status="FAIL" signature="runScenario(io.cucumber.testng.PickleWrapper, io.cucumber.testng.FeatureWrapper)[pri:0, instance:runner.TestRunner@256aa5f2]" name="runScenario" duration-ms="129" started-at="2020-04-04T15:56:15Z" description="Runs Cucumber Scenarios" data-provider="scenarios" finished-at="2020-04-04T15:56:15Z">
          <params>
            <param index="0">
              <value>
                <![CDATA["User Register successfully"]]>
              </value>
            </param>
            <param index="1">
              <value>
                <![CDATA["User Registration"]]>
              </value>
            </param>
          </params>
          <exception class="io.cucumber.core.runner.DuplicateStepDefinitionException">
            <message>
              <![CDATA[Duplicate step definitions in steps.UserLogin.the_user_in_home_page() and steps.UserRegisterion.the_user_in_home_page()]]>
            </message>
            <full-stacktrace>
              <![CDATA[io.cucumber.core.runner.DuplicateStepDefinitionException: Duplicate step definitions in steps.UserLogin.the_user_in_home_page() and steps.UserRegisterion.the_user_in_home_page()
at io.cucumber.core.runner.CachingGlue.lambda$prepareGlue$4(CachingGlue.java:218)
at java.util.ArrayList.forEach(ArrayList.java:1257)
at io.cucumber.core.runner.CachingGlue.prepareGlue(CachingGlue.java:214)
at io.cucumber.core.runner.Runner.runPickle(Runner.java:64)
at io.cucumber.testng.TestNGCucumberRunner.runScenario(TestNGCucumberRunner.java:124)
at io.cucumber.testng.AbstractTestNGCucumberTests.runScenario(AbstractTestNGCucumberTests.java:29)
at sun.reflect.NativeMethodAccessorImpl.invoke0(Native Method)
at sun.reflect.NativeMethodAccessorImpl.invoke(NativeMethodAccessorImpl.java:62)
at sun.reflect.DelegatingMethodAccessorImpl.invoke(DelegatingMethodAccessorImpl.java:43)
at java.lang.reflect.Method.invoke(Method.java:498)
at org.testng.internal.MethodInvocationHelper.invokeMethod(MethodInvocationHelper.java:124)
at org.testng.internal.Invoker.invokeMethod(Invoker.java:583)
at org.testng.internal.Invoker.invokeTestMethod(Invoker.java:719)
at org.testng.internal.TestMethodWithDataProviderMethodWorker.call(TestMethodWithDataProviderMethodWorker.java:71)
at org.testng.internal.TestMethodWithDataProviderMethodWorker.call(TestMethodWithDataProviderMethodWorker.java:14)
at java.util.concurrent.FutureTask.run(FutureTask.java:266)
at java.util.concurrent.Executors$RunnableAdapter.call(Executors.java:511)
at java.util.concurrent.FutureTask.run(FutureTask.java:266)
at java.util.concurrent.ThreadPoolExecutor.runWorker(ThreadPoolExecutor.java:1149)
at java.util.concurrent.ThreadPoolExecutor$Worker.run(ThreadPoolExecutor.java:624)
at java.lang.Thread.run(Thread.java:748)
]]>
            </full-stacktrace>
          </exception> <!-- io.cucumber.core.runner.DuplicateStepDefinitionException -->
          <reporter-output>
          </reporter-output>
        </test-method> <!-- runScenario -->
        <test-method status="FAIL" signature="runScenario(io.cucumber.testng.PickleWrapper, io.cucumber.testng.FeatureWrapper)[pri:0, instance:runner.TestRunner@256aa5f2]" name="runScenario" duration-ms="129" started-at="2020-04-04T15:56:15Z" description="Runs Cucumber Scenarios" data-provider="scenarios" finished-at="2020-04-04T15:56:15Z">
          <params>
            <param index="0">
              <value>
                <![CDATA["User Register successfully"]]>
              </value>
            </param>
            <param index="1">
              <value>
                <![CDATA["User Registration"]]>
              </value>
            </param>
          </params>
          <exception class="io.cucumber.core.runner.DuplicateStepDefinitionException">
            <message>
              <![CDATA[Duplicate step definitions in steps.UserLogin.the_user_in_home_page() and steps.UserRegisterion.the_user_in_home_page()]]>
            </message>
            <full-stacktrace>
              <![CDATA[io.cucumber.core.runner.DuplicateStepDefinitionException: Duplicate step definitions in steps.UserLogin.the_user_in_home_page() and steps.UserRegisterion.the_user_in_home_page()
at io.cucumber.core.runner.CachingGlue.lambda$prepareGlue$4(CachingGlue.java:218)
at java.util.ArrayList.forEach(ArrayList.java:1257)
at io.cucumber.core.runner.CachingGlue.prepareGlue(CachingGlue.java:214)
at io.cucumber.core.runner.Runner.runPickle(Runner.java:64)
at io.cucumber.testng.TestNGCucumberRunner.runScenario(TestNGCucumberRunner.java:124)
at io.cucumber.testng.AbstractTestNGCucumberTests.runScenario(AbstractTestNGCucumberTests.java:29)
at sun.reflect.NativeMethodAccessorImpl.invoke0(Native Method)
at sun.reflect.NativeMethodAccessorImpl.invoke(NativeMethodAccessorImpl.java:62)
at sun.reflect.DelegatingMethodAccessorImpl.invoke(DelegatingMethodAccessorImpl.java:43)
at java.lang.reflect.Method.invoke(Method.java:498)
at org.testng.internal.MethodInvocationHelper.invokeMethod(MethodInvocationHelper.java:124)
at org.testng.internal.Invoker.invokeMethod(Invoker.java:583)
at org.testng.internal.Invoker.invokeTestMethod(Invoker.java:719)
at org.testng.internal.TestMethodWithDataProviderMethodWorker.call(TestMethodWithDataProviderMethodWorker.java:71)
at org.testng.internal.TestMethodWithDataProviderMethodWorker.call(TestMethodWithDataProviderMethodWorker.java:14)
at java.util.concurrent.FutureTask.run(FutureTask.java:266)
at java.util.concurrent.Executors$RunnableAdapter.call(Executors.java:511)
at java.util.concurrent.FutureTask.run(FutureTask.java:266)
at java.util.concurrent.ThreadPoolExecutor.runWorker(ThreadPoolExecutor.java:1149)
at java.util.concurrent.ThreadPoolExecutor$Worker.run(ThreadPoolExecutor.java:624)
at java.lang.Thread.run(Thread.java:748)
]]>
            </full-stacktrace>
          </exception> <!-- io.cucumber.core.runner.DuplicateStepDefinitionException -->
          <reporter-output>
          </reporter-output>
        </test-method> <!-- runScenario -->
        <test-method status="PASS" signature="WaitAfterClass()[pri:0, instance:runner.TestRunner@256aa5f2]" name="WaitAfterClass" is-config="true" duration-ms="3002" started-at="2020-04-04T15:56:15Z" finished-at="2020-04-04T15:56:18Z">
          <reporter-output>
          </reporter-output>
        </test-method> <!-- WaitAfterClass -->
        <test-method status="PASS" signature="tearDownClass()[pri:0, instance:runner.TestRunner@256aa5f2]" name="tearDownClass" is-config="true" duration-ms="13" started-at="2020-04-04T15:56:18Z" finished-at="2020-04-04T15:56:18Z">
          <reporter-output>
          </reporter-output>
        </test-method> <!-- tearDownClass -->
        <test-method status="PASS" signature="StopDriver()[pri:0, instance:runner.TestRunner@256aa5f2]" name="StopDriver" is-config="true" duration-ms="1026" started-at="2020-04-04T15:56:44Z" finished-at="2020-04-04T15:56:45Z">
          <reporter-output>
          </reporter-output>
        </test-method> <!-- StopDriver -->
      </class> <!-- runner.TestRunner -->
    </test> <!-- Surefire test -->
  </suite> <!-- Surefire suite -->
</testng-results>
